2021-10-18 20:29:03,504 INFO com.fegorsoft.fegordomo.manager.ManagerApplication [restartedMain] Starting ManagerApplication using Java 11 on L0004396 with PID 129384 (C:\codigofuente\fegordomo\manager\target\classes started by fgonzalezr in C:\codigofuente\fegordomo)
2021-10-18 20:29:03,505 INFO com.fegorsoft.fegordomo.manager.ManagerApplication [restartedMain] No active profile set, falling back to default profiles: default
2021-10-18 20:29:03,793 INFO org.springframework.data.repository.config.RepositoryConfigurationDelegate [restartedMain] Bootstrapping Spring Data JPA repositories in DEFAULT mode.
2021-10-18 20:29:03,825 INFO org.springframework.data.repository.config.RepositoryConfigurationDelegate [restartedMain] Finished Spring Data repository scanning in 31 ms. Found 2 JPA repository interfaces.
2021-10-18 20:29:03,911 INFO org.springframework.integration.config.DefaultConfiguringBeanFactoryPostProcessor [restartedMain] No bean named 'errorChannel' has been explicitly defined. Therefore, a default PublishSubscribeChannel will be created.
2021-10-18 20:29:03,911 INFO org.springframework.integration.config.DefaultConfiguringBeanFactoryPostProcessor [restartedMain] No bean named 'integrationHeaderChannelRegistry' has been explicitly defined. Therefore, a default DefaultHeaderChannelRegistry will be created.
2021-10-18 20:29:03,919 INFO org.springframework.context.support.PostProcessorRegistrationDelegate$BeanPostProcessorChecker [restartedMain] Bean 'org.springframework.integration.config.IntegrationManagementConfiguration' of type [org.springframework.integration.config.IntegrationManagementConfiguration] is not eligible for getting processed by all BeanPostProcessors (for example: not eligible for auto-proxying)
2021-10-18 20:29:03,919 INFO org.springframework.context.support.PostProcessorRegistrationDelegate$BeanPostProcessorChecker [restartedMain] Bean 'integrationChannelResolver' of type [org.springframework.integration.support.channel.BeanFactoryChannelResolver] is not eligible for getting processed by all BeanPostProcessors (for example: not eligible for auto-proxying)
2021-10-18 20:29:03,919 INFO org.springframework.context.support.PostProcessorRegistrationDelegate$BeanPostProcessorChecker [restartedMain] Bean 'integrationDisposableAutoCreatedBeans' of type [org.springframework.integration.config.annotation.Disposables] is not eligible for getting processed by all BeanPostProcessors (for example: not eligible for auto-proxying)
2021-10-18 20:29:03,969 INFO org.springframework.boot.web.embedded.tomcat.TomcatWebServer [restartedMain] Tomcat initialized with port(s): 8181 (http)
2021-10-18 20:29:03,969 INFO org.apache.catalina.core.StandardService [restartedMain] Starting service [Tomcat]
2021-10-18 20:29:03,969 INFO org.apache.catalina.core.StandardEngine [restartedMain] Starting Servlet engine: [Apache Tomcat/9.0.48]
2021-10-18 20:29:04,000 INFO org.apache.catalina.core.ContainerBase.[Tomcat].[localhost].[/manager] [restartedMain] Initializing Spring embedded WebApplicationContext
2021-10-18 20:29:04,000 INFO org.springframework.boot.web.servlet.context.ServletWebServerApplicationContext [restartedMain] Root WebApplicationContext: initialization completed in 492 ms
2021-10-18 20:29:04,065 INFO org.hibernate.jpa.internal.util.LogHelper [restartedMain] HHH000204: Processing PersistenceUnitInfo [name: default]
2021-10-18 20:29:04,073 INFO com.zaxxer.hikari.HikariDataSource [restartedMain] HikariPool-3 - Starting...
2021-10-18 20:29:04,089 INFO com.zaxxer.hikari.HikariDataSource [restartedMain] HikariPool-3 - Start completed.
2021-10-18 20:29:04,089 INFO org.hibernate.dialect.Dialect [restartedMain] HHH000400: Using dialect: org.hibernate.dialect.MariaDB103Dialect
2021-10-18 20:29:04,537 INFO org.hibernate.engine.transaction.jta.platform.internal.JtaPlatformInitiator [restartedMain] HHH000490: Using JtaPlatform implementation: [org.hibernate.engine.transaction.jta.platform.internal.NoJtaPlatform]
2021-10-18 20:29:04,538 INFO org.springframework.orm.jpa.LocalContainerEntityManagerFactoryBean [restartedMain] Initialized JPA EntityManagerFactory for persistence unit 'default'
2021-10-18 20:29:04,655 INFO org.quartz.impl.StdSchedulerFactory [restartedMain] Using default implementation for ThreadExecutor
2021-10-18 20:29:04,655 INFO org.quartz.core.SchedulerSignalerImpl [restartedMain] Initialized Scheduler Signaller of type: class org.quartz.core.SchedulerSignalerImpl
2021-10-18 20:29:04,655 INFO org.quartz.core.QuartzScheduler [restartedMain] Quartz Scheduler v.2.3.2 created.
2021-10-18 20:29:04,655 INFO org.springframework.scheduling.quartz.LocalDataSourceJobStore [restartedMain] Using db table-based data access locking (synchronization).
2021-10-18 20:29:04,655 INFO org.springframework.scheduling.quartz.LocalDataSourceJobStore [restartedMain] JobStoreCMT initialized.
2021-10-18 20:29:04,655 INFO org.quartz.core.QuartzScheduler [restartedMain] Scheduler meta-data: Quartz Scheduler (v2.3.2) 'quartzScheduler' with instanceId 'NON_CLUSTERED'
  Scheduler class: 'org.quartz.core.QuartzScheduler' - running locally.
  NOT STARTED.
  Currently in standby mode.
  Number of jobs executed: 0
  Using thread pool 'org.quartz.simpl.SimpleThreadPool' - with 5 threads.
  Using job-store 'org.springframework.scheduling.quartz.LocalDataSourceJobStore' - which supports persistence. and is not clustered.

2021-10-18 20:29:04,655 INFO org.quartz.impl.StdSchedulerFactory [restartedMain] Quartz scheduler 'quartzScheduler' initialized from an externally provided properties instance.
2021-10-18 20:29:04,655 INFO org.quartz.impl.StdSchedulerFactory [restartedMain] Quartz scheduler version: 2.3.2
2021-10-18 20:29:04,655 INFO org.quartz.core.QuartzScheduler [restartedMain] JobFactory set to: org.springframework.scheduling.quartz.SpringBeanJobFactory@1851c49e
2021-10-18 20:29:04,764 INFO org.springframework.boot.autoconfigure.web.servlet.WelcomePageHandlerMapping [restartedMain] Adding welcome page: class path resource [static/index.html]
2021-10-18 20:29:05,125 INFO org.springframework.boot.devtools.autoconfigure.OptionalLiveReloadServer [restartedMain] LiveReload server is running on port 35729
2021-10-18 20:29:05,134 INFO org.springframework.integration.endpoint.EventDrivenConsumer [restartedMain] Adding {logging-channel-adapter:_org.springframework.integration.errorLogger} as a subscriber to the 'errorChannel' channel
2021-10-18 20:29:05,142 INFO org.springframework.integration.channel.PublishSubscribeChannel [restartedMain] Channel 'application.errorChannel' has 1 subscriber(s).
2021-10-18 20:29:05,142 INFO org.springframework.integration.endpoint.EventDrivenConsumer [restartedMain] started bean '_org.springframework.integration.errorLogger'
2021-10-18 20:29:05,145 INFO org.springframework.boot.web.embedded.tomcat.TomcatWebServer [restartedMain] Tomcat started on port(s): 8181 (http) with context path '/manager'
2021-10-18 20:29:05,146 INFO org.springframework.scheduling.quartz.SchedulerFactoryBean [restartedMain] Starting Quartz Scheduler now
2021-10-18 20:29:05,162 INFO org.springframework.scheduling.quartz.LocalDataSourceJobStore [restartedMain] Freed 0 triggers from 'acquired' / 'blocked' state.
2021-10-18 20:29:05,171 INFO org.springframework.scheduling.quartz.LocalDataSourceJobStore [restartedMain] Recovering 0 jobs that were in-progress at the time of the last shut-down.
2021-10-18 20:29:05,171 INFO org.springframework.scheduling.quartz.LocalDataSourceJobStore [restartedMain] Recovery complete.
2021-10-18 20:29:05,175 INFO org.springframework.scheduling.quartz.LocalDataSourceJobStore [restartedMain] Removed 0 'complete' triggers.
2021-10-18 20:29:05,177 INFO org.springframework.scheduling.quartz.LocalDataSourceJobStore [restartedMain] Removed 0 stale fired job entries.
2021-10-18 20:29:05,181 INFO org.quartz.core.QuartzScheduler [restartedMain] Scheduler quartzScheduler_$_NON_CLUSTERED started.
2021-10-18 20:29:05,189 INFO com.fegorsoft.fegordomo.manager.ManagerApplication [restartedMain] Started ManagerApplication in 1.77 seconds (JVM running for 257.757)
2021-10-18 20:29:05,191 INFO org.springframework.boot.devtools.autoconfigure.ConditionEvaluationDeltaLoggingListener [restartedMain] Condition evaluation unchanged
2021-10-18 20:29:06,567 INFO org.quartz.core.QuartzScheduler [Thread-13] Scheduler quartzScheduler_$_NON_CLUSTERED paused.
2021-10-18 20:29:07,696 INFO org.springframework.integration.endpoint.EventDrivenConsumer [Thread-13] Removing {logging-channel-adapter:_org.springframework.integration.errorLogger} as a subscriber to the 'errorChannel' channel
2021-10-18 20:29:07,708 INFO org.springframework.integration.channel.PublishSubscribeChannel [Thread-13] Channel 'application.errorChannel' has 0 subscriber(s).
2021-10-18 20:29:07,708 INFO org.springframework.integration.endpoint.EventDrivenConsumer [Thread-13] stopped bean '_org.springframework.integration.errorLogger'
2021-10-18 20:29:07,708 INFO org.springframework.scheduling.quartz.SchedulerFactoryBean [Thread-13] Shutting down Quartz Scheduler
2021-10-18 20:29:07,708 INFO org.quartz.core.QuartzScheduler [Thread-13] Scheduler quartzScheduler_$_NON_CLUSTERED shutting down.
2021-10-18 20:29:07,708 INFO org.quartz.core.QuartzScheduler [Thread-13] Scheduler quartzScheduler_$_NON_CLUSTERED paused.
2021-10-18 20:29:07,708 INFO org.quartz.core.QuartzScheduler [Thread-13] Scheduler quartzScheduler_$_NON_CLUSTERED shutdown complete.
2021-10-18 20:29:07,708 INFO org.springframework.orm.jpa.LocalContainerEntityManagerFactoryBean [Thread-13] Closing JPA EntityManagerFactory for persistence unit 'default'
2021-10-18 20:29:07,708 INFO com.zaxxer.hikari.HikariDataSource [Thread-13] HikariPool-3 - Shutdown initiated...
2021-10-18 20:29:07,746 INFO com.zaxxer.hikari.HikariDataSource [Thread-13] HikariPool-3 - Shutdown completed.
2021-10-18 20:29:07,881 INFO com.fegorsoft.fegordomo.manager.ManagerApplication [restartedMain] Starting ManagerApplication using Java 11 on L0004396 with PID 129384 (C:\codigofuente\fegordomo\manager\target\classes started by fgonzalezr in C:\codigofuente\fegordomo)
2021-10-18 20:29:07,881 INFO com.fegorsoft.fegordomo.manager.ManagerApplication [restartedMain] No active profile set, falling back to default profiles: default
2021-10-18 20:29:08,226 INFO org.springframework.data.repository.config.RepositoryConfigurationDelegate [restartedMain] Bootstrapping Spring Data JPA repositories in DEFAULT mode.
2021-10-18 20:29:08,279 INFO org.springframework.data.repository.config.RepositoryConfigurationDelegate [restartedMain] Finished Spring Data repository scanning in 46 ms. Found 2 JPA repository interfaces.
2021-10-18 20:29:08,389 INFO org.springframework.integration.config.DefaultConfiguringBeanFactoryPostProcessor [restartedMain] No bean named 'errorChannel' has been explicitly defined. Therefore, a default PublishSubscribeChannel will be created.
2021-10-18 20:29:08,389 INFO org.springframework.integration.config.DefaultConfiguringBeanFactoryPostProcessor [restartedMain] No bean named 'integrationHeaderChannelRegistry' has been explicitly defined. Therefore, a default DefaultHeaderChannelRegistry will be created.
2021-10-18 20:29:08,405 INFO org.springframework.context.support.PostProcessorRegistrationDelegate$BeanPostProcessorChecker [restartedMain] Bean 'org.springframework.integration.config.IntegrationManagementConfiguration' of type [org.springframework.integration.config.IntegrationManagementConfiguration] is not eligible for getting processed by all BeanPostProcessors (for example: not eligible for auto-proxying)
2021-10-18 20:29:08,409 INFO org.springframework.context.support.PostProcessorRegistrationDelegate$BeanPostProcessorChecker [restartedMain] Bean 'integrationChannelResolver' of type [org.springframework.integration.support.channel.BeanFactoryChannelResolver] is not eligible for getting processed by all BeanPostProcessors (for example: not eligible for auto-proxying)
2021-10-18 20:29:08,410 INFO org.springframework.context.support.PostProcessorRegistrationDelegate$BeanPostProcessorChecker [restartedMain] Bean 'integrationDisposableAutoCreatedBeans' of type [org.springframework.integration.config.annotation.Disposables] is not eligible for getting processed by all BeanPostProcessors (for example: not eligible for auto-proxying)
2021-10-18 20:29:08,468 INFO org.springframework.boot.web.embedded.tomcat.TomcatWebServer [restartedMain] Tomcat initialized with port(s): 8181 (http)
2021-10-18 20:29:08,469 INFO org.apache.catalina.core.StandardService [restartedMain] Starting service [Tomcat]
2021-10-18 20:29:08,469 INFO org.apache.catalina.core.StandardEngine [restartedMain] Starting Servlet engine: [Apache Tomcat/9.0.48]
2021-10-18 20:29:08,527 INFO org.apache.catalina.core.ContainerBase.[Tomcat].[localhost].[/manager] [restartedMain] Initializing Spring embedded WebApplicationContext
2021-10-18 20:29:08,527 INFO org.springframework.boot.web.servlet.context.ServletWebServerApplicationContext [restartedMain] Root WebApplicationContext: initialization completed in 646 ms
2021-10-18 20:29:08,575 INFO org.hibernate.jpa.internal.util.LogHelper [restartedMain] HHH000204: Processing PersistenceUnitInfo [name: default]
2021-10-18 20:29:08,586 INFO com.zaxxer.hikari.HikariDataSource [restartedMain] HikariPool-4 - Starting...
2021-10-18 20:29:08,602 INFO com.zaxxer.hikari.HikariDataSource [restartedMain] HikariPool-4 - Start completed.
2021-10-18 20:29:08,602 INFO org.hibernate.dialect.Dialect [restartedMain] HHH000400: Using dialect: org.hibernate.dialect.MariaDB103Dialect
2021-10-18 20:29:09,015 INFO org.hibernate.engine.transaction.jta.platform.internal.JtaPlatformInitiator [restartedMain] HHH000490: Using JtaPlatform implementation: [org.hibernate.engine.transaction.jta.platform.internal.NoJtaPlatform]
2021-10-18 20:29:09,016 INFO org.springframework.orm.jpa.LocalContainerEntityManagerFactoryBean [restartedMain] Initialized JPA EntityManagerFactory for persistence unit 'default'
2021-10-18 20:29:09,142 INFO org.quartz.impl.StdSchedulerFactory [restartedMain] Using default implementation for ThreadExecutor
2021-10-18 20:29:09,144 INFO org.quartz.core.SchedulerSignalerImpl [restartedMain] Initialized Scheduler Signaller of type: class org.quartz.core.SchedulerSignalerImpl
2021-10-18 20:29:09,144 INFO org.quartz.core.QuartzScheduler [restartedMain] Quartz Scheduler v.2.3.2 created.
2021-10-18 20:29:09,144 INFO org.springframework.scheduling.quartz.LocalDataSourceJobStore [restartedMain] Using db table-based data access locking (synchronization).
2021-10-18 20:29:09,144 INFO org.springframework.scheduling.quartz.LocalDataSourceJobStore [restartedMain] JobStoreCMT initialized.
2021-10-18 20:29:09,144 INFO org.quartz.core.QuartzScheduler [restartedMain] Scheduler meta-data: Quartz Scheduler (v2.3.2) 'quartzScheduler' with instanceId 'NON_CLUSTERED'
  Scheduler class: 'org.quartz.core.QuartzScheduler' - running locally.
  NOT STARTED.
  Currently in standby mode.
  Number of jobs executed: 0
  Using thread pool 'org.quartz.simpl.SimpleThreadPool' - with 5 threads.
  Using job-store 'org.springframework.scheduling.quartz.LocalDataSourceJobStore' - which supports persistence. and is not clustered.

2021-10-18 20:29:09,144 INFO org.quartz.impl.StdSchedulerFactory [restartedMain] Quartz scheduler 'quartzScheduler' initialized from an externally provided properties instance.
2021-10-18 20:29:09,144 INFO org.quartz.impl.StdSchedulerFactory [restartedMain] Quartz scheduler version: 2.3.2
2021-10-18 20:29:09,144 INFO org.quartz.core.QuartzScheduler [restartedMain] JobFactory set to: org.springframework.scheduling.quartz.SpringBeanJobFactory@b751794
2021-10-18 20:29:09,214 INFO org.springframework.boot.autoconfigure.web.servlet.WelcomePageHandlerMapping [restartedMain] Adding welcome page: class path resource [static/index.html]
2021-10-18 20:29:09,485 INFO org.springframework.boot.devtools.autoconfigure.OptionalLiveReloadServer [restartedMain] LiveReload server is running on port 35729
2021-10-18 20:29:09,498 INFO org.springframework.integration.endpoint.EventDrivenConsumer [restartedMain] Adding {logging-channel-adapter:_org.springframework.integration.errorLogger} as a subscriber to the 'errorChannel' channel
2021-10-18 20:29:09,498 INFO org.springframework.integration.channel.PublishSubscribeChannel [restartedMain] Channel 'application.errorChannel' has 1 subscriber(s).
2021-10-18 20:29:09,498 INFO org.springframework.integration.endpoint.EventDrivenConsumer [restartedMain] started bean '_org.springframework.integration.errorLogger'
2021-10-18 20:29:09,513 INFO org.springframework.boot.web.embedded.tomcat.TomcatWebServer [restartedMain] Tomcat started on port(s): 8181 (http) with context path '/manager'
2021-10-18 20:29:09,514 INFO org.springframework.scheduling.quartz.SchedulerFactoryBean [restartedMain] Starting Quartz Scheduler now
2021-10-18 20:29:09,531 INFO org.springframework.scheduling.quartz.LocalDataSourceJobStore [restartedMain] Freed 0 triggers from 'acquired' / 'blocked' state.
2021-10-18 20:29:09,539 INFO org.springframework.scheduling.quartz.LocalDataSourceJobStore [restartedMain] Recovering 0 jobs that were in-progress at the time of the last shut-down.
2021-10-18 20:29:09,539 INFO org.springframework.scheduling.quartz.LocalDataSourceJobStore [restartedMain] Recovery complete.
2021-10-18 20:29:09,542 INFO org.springframework.scheduling.quartz.LocalDataSourceJobStore [restartedMain] Removed 0 'complete' triggers.
2021-10-18 20:29:09,546 INFO org.springframework.scheduling.quartz.LocalDataSourceJobStore [restartedMain] Removed 0 stale fired job entries.
2021-10-18 20:29:09,550 INFO org.quartz.core.QuartzScheduler [restartedMain] Scheduler quartzScheduler_$_NON_CLUSTERED started.
2021-10-18 20:29:09,556 INFO com.fegorsoft.fegordomo.manager.ManagerApplication [restartedMain] Started ManagerApplication in 1.747 seconds (JVM running for 262.123)
2021-10-18 20:29:09,558 INFO org.springframework.boot.devtools.autoconfigure.ConditionEvaluationDeltaLoggingListener [restartedMain] Condition evaluation unchanged
2021-10-18 20:30:09,430 INFO org.quartz.core.QuartzScheduler [Thread-18] Scheduler quartzScheduler_$_NON_CLUSTERED paused.
2021-10-18 20:30:11,143 INFO org.springframework.integration.endpoint.EventDrivenConsumer [Thread-18] Removing {logging-channel-adapter:_org.springframework.integration.errorLogger} as a subscriber to the 'errorChannel' channel
2021-10-18 20:30:11,143 INFO org.springframework.integration.channel.PublishSubscribeChannel [Thread-18] Channel 'application.errorChannel' has 0 subscriber(s).
2021-10-18 20:30:11,144 INFO org.springframework.integration.endpoint.EventDrivenConsumer [Thread-18] stopped bean '_org.springframework.integration.errorLogger'
2021-10-18 20:30:11,145 INFO org.springframework.scheduling.quartz.SchedulerFactoryBean [Thread-18] Shutting down Quartz Scheduler
2021-10-18 20:30:11,145 INFO org.quartz.core.QuartzScheduler [Thread-18] Scheduler quartzScheduler_$_NON_CLUSTERED shutting down.
2021-10-18 20:30:11,145 INFO org.quartz.core.QuartzScheduler [Thread-18] Scheduler quartzScheduler_$_NON_CLUSTERED paused.
2021-10-18 20:30:11,145 INFO org.quartz.core.QuartzScheduler [Thread-18] Scheduler quartzScheduler_$_NON_CLUSTERED shutdown complete.
2021-10-18 20:30:11,146 INFO org.springframework.orm.jpa.LocalContainerEntityManagerFactoryBean [Thread-18] Closing JPA EntityManagerFactory for persistence unit 'default'
2021-10-18 20:30:11,147 INFO com.zaxxer.hikari.HikariDataSource [Thread-18] HikariPool-4 - Shutdown initiated...
2021-10-18 20:30:11,162 INFO com.zaxxer.hikari.HikariDataSource [Thread-18] HikariPool-4 - Shutdown completed.
